<?xml version="1.0" encoding="UTF-8"?>
<!-- Generated by org.testng.reporters.JUnitReportReporter -->
<testsuite skipped="0" hostname="ESRPA" name="ca.spinco.SpincoSignUpPageTest" tests="4" failures="0" timestamp="15 Sep 2019 13:05:34 GMT" time="10.092" errors="0">
  <testcase name="landingpageVerification" time="4.130" classname="ca.spinco.SpincoSignUpPageTest"/>
  <testcase name="login_RegisterPageVerification" time="0.945" classname="ca.spinco.SpincoSignUpPageTest"/>
  <testcase name="signUp" time="3.638" classname="ca.spinco.SpincoSignUpPageTest"/>
  <testcase name="signIn" time="1.379" classname="ca.spinco.SpincoSignUpPageTest"/>
</testsuite> <!-- ca.spinco.SpincoSignUpPageTest -->
