<?xml version="1.0" encoding="UTF-8"?>
<!-- Generated by org.testng.reporters.JUnitReportReporter -->
<testsuite skipped="0" hostname="ESRPA" name="ca.spinco.SpincoSignUpPageBrowserStackTest" tests="4" failures="0" timestamp="17 Sep 2019 01:31:42 GMT" time="11.881" errors="0">
  <testcase name="landingpageVerification" time="1.237" classname="ca.spinco.SpincoSignUpPageBrowserStackTest"/>
  <testcase name="login_RegisterPageVerification" time="1.188" classname="ca.spinco.SpincoSignUpPageBrowserStackTest"/>
  <testcase name="signUp" time="6.137" classname="ca.spinco.SpincoSignUpPageBrowserStackTest"/>
  <testcase name="signIn" time="3.319" classname="ca.spinco.SpincoSignUpPageBrowserStackTest"/>
</testsuite> <!-- ca.spinco.SpincoSignUpPageBrowserStackTest -->
