<?xml version="1.0" encoding="UTF-8"?>
<!-- Generated by org.testng.reporters.JUnitReportReporter -->
<testsuite skipped="0" hostname="ESRPA" name="ca.spinco.SpincoSignUpPageSauceLabsTest" tests="4" failures="0" timestamp="16 Sep 2019 03:25:39 GMT" time="24.976" errors="0">
  <testcase name="landingpageVerification" time="1.301" classname="ca.spinco.SpincoSignUpPageSauceLabsTest"/>
  <testcase name="login_RegisterPageVerification" time="4.090" classname="ca.spinco.SpincoSignUpPageSauceLabsTest"/>
  <testcase name="signUp" time="15.431" classname="ca.spinco.SpincoSignUpPageSauceLabsTest"/>
  <testcase name="signIn" time="4.154" classname="ca.spinco.SpincoSignUpPageSauceLabsTest"/>
</testsuite> <!-- ca.spinco.SpincoSignUpPageSauceLabsTest -->
